build/app/outputs/mapping/release/mapping.txt
# compiler: R8
# compiler_version: 2.1.62
# min_api: 21
# pg_map_id: 33d27ff
# common_typos_disable
...
io.flutter.embedding.engine.loader.FlutterLoader$1$1 -> io.flutter.embedding.engine.h.c$a$a:
    io.flutter.embedding.engine.loader.FlutterLoader$1 this$1 -> a
io.flutter.embedding.engine.loader.FlutterLoader$InitResult -> io.flutter.embedding.engine.h.c$b:
    java.lang.String appStoragePath -> a
    java.lang.String engineCachesPath -> b
io.flutter.embedding.engine.loader.FlutterLoader$Settings -> io.flutter.embedding.engine.h.c$c:
    java.lang.String logTag -> a
    java.lang.String getLogTag() -> a
io.flutter.embedding.engine.loader.ResourceExtractor -> io.flutter.embedding.engine.h.d:
    void waitForCompletion() -> a
io.flutter.embedding.engine.mutatorsstack.FlutterMutatorView -> io.flutter.embedding.engine.mutatorsstack.a:
    android.view.ViewTreeObserver$OnGlobalFocusChangeListener activeFocusListener -> h
    int prevTop -> f
    float screenDensity -> b
    int top -> d
    io.flutter.embedding.engine.mutatorsstack.FlutterMutatorsStack mutatorsStack -> a
    int prevLeft -> e
    io.flutter.embedding.android.AndroidTouchProcessor androidTouchProcessor -> g
    int left -> c
    boolean childHasFocus(android.view.View) -> a
    void readyToDisplay(io.flutter.embedding.engine.mutatorsstack.FlutterMutatorsStack,int,int,int,int) -> b
    void unsetOnDescendantFocusChangeListener() -> c
io.flutter.embedding.engine.mutatorsstack.FlutterMutatorView$1 -> io.flutter.embedding.engine.mutatorsstack.a$a:
    android.view.View$OnFocusChangeListener val$userFocusListener -> a
    android.view.View val$mutatorView -> b
io.flutter.embedding.engine.mutatorsstack.FlutterMutatorsStack$FlutterMutator -> io.flutter.embedding.engine.mutatorsstack.FlutterMutatorsStack$a:
    android.graphics.Matrix matrix -> a
    android.graphics.Matrix getMatrix() -> a
io.flutter.embedding.engine.mutatorsstack.FlutterMutatorsStack$FlutterMutatorType -> io.flutter.embedding.engine.mutatorsstack.FlutterMutatorsStack$b:
    io.flutter.embedding.engine.mutatorsstack.FlutterMutatorsStack$FlutterMutatorType[] $VALUES -> f
    io.flutter.embedding.engine.mutatorsstack.FlutterMutatorsStack$FlutterMutatorType TRANSFORM -> d
    io.flutter.embedding.engine.mutatorsstack.FlutterMutatorsStack$FlutterMutatorType OPACITY -> e
    io.flutter.embedding.engine.mutatorsstack.FlutterMutatorsStack$FlutterMutatorType CLIP_RECT -> a
    io.flutter.embedding.engine.mutatorsstack.FlutterMutatorsStack$FlutterMutatorType CLIP_RRECT -> b
    io.flutter.embedding.engine.mutatorsstack.FlutterMutatorsStack$FlutterMutatorType CLIP_PATH -> c
io.flutter.embedding.engine.plugins.FlutterPlugin -> io.flutter.embedding.engine.i.a:
    void onDetachedFromEngine(io.flutter.embedding.engine.plugins.FlutterPlugin$FlutterPluginBinding) -> d
    void onAttachedToEngine(io.flutter.embedding.engine.plugins.FlutterPlugin$FlutterPluginBinding) -> g
io.flutter.embedding.engine.plugins.FlutterPlugin$FlutterAssets -> io.flutter.embedding.engine.i.a$a:
io.flutter.embedding.engine.plugins.FlutterPlugin$FlutterPluginBinding -> io.flutter.embedding.engine.i.a$b:
    android.content.Context applicationContext -> a
    io.flutter.plugin.common.BinaryMessenger binaryMessenger -> b
    android.content.Context getApplicationContext() -> a
    io.flutter.plugin.common.BinaryMessenger getBinaryMessenger() -> b
io.flutter.embedding.engine.plugins.PluginRegistry -> io.flutter.embedding.engine.i.b:
    void add(io.flutter.embedding.engine.plugins.FlutterPlugin) -> i
io.flutter.embedding.engine.plugins.activity.ActivityAware -> io.flutter.embedding.engine.i.c.a:
    void onDetachedFromActivity() -> a
    void onAttachedToActivity(io.flutter.embedding.engine.plugins.activity.ActivityPluginBinding) -> b
    void onReattachedToActivityForConfigChanges(io.flutter.embedding.engine.plugins.activity.ActivityPluginBinding) -> c
    void onDetachedFromActivityForConfigChanges() -> e