build/app/outputs/mapping/release/usage.txt
com.example.studio_bookings.BuildConfig
com.example.studio_bookings.R$layout
com.example.studio_bookings.R$string
com.example.studio_bookings.R$integer
com.example.studio_bookings.R$mipmap
com.example.studio_bookings.R$color
com.example.studio_bookings.R$attr
com.example.studio_bookings.R$style
com.example.studio_bookings.R$dimen
com.example.studio_bookings.R
com.example.studio_bookings.R$xml
com.example.studio_bookings.R$id
com.example.studio_bookings.R$drawable
com.example.studio_bookings.R$styleable
...
androidx.core.content.pm.PermissionInfoCompat
androidx.fragment.R$dimen
androidx.annotation.VisibleForTesting
kotlin.io.SerializableKt
androidx.core.view.ViewCompat$ScrollIndicators
io.flutter.embedding.android.SplashScreenProvider
kotlin.Unit
androidx.core.view.NestedScrollingParentHelper
kotlin.jvm.internal.ByteSpreadBuilder
io.flutter.plugins.flutter_plugin_android_lifecycle.R$layout
androidx.core.util.Consumer
androidx.lifecycle.Lifecycling:
    static androidx.lifecycle.GenericLifecycleObserver getCallback(java.lang.Object)
    private void <init>()
    private static final int REFLECTIVE_CALLBACK
    private static final int GENERATED_CALLBACK
androidx.core.view.accessibility.AccessibilityWindowInfoCompat
androidx.core.location.LocationManagerCompat
kotlin.text.Typography
androidx.core.view.inputmethod.InputContentInfoCompat
io.flutter.embedding.android.FlutterActivity$CachedEngineIntentBuilder
androidx.core.app.NotificationCompat$BigPictureStyle
kotlin.ULongArray
androidx.core.content.pm.ShortcutInfoCompatSaver$NoopImpl
kotlin.contracts.ConditionalEffect
androidx.core.provider.FontsContractCompat$4$6
androidx.activity.R$color
io.flutter.plugin.common.FlutterException:
    private static final java.lang.String TAG
kotlin.text.StringsKt___StringsKt$chunkedSequence$1
androidx.activity.R
kotlin.jvm.functions.Function20
kotlin.LazyThreadSafetyMode
androidx.lifecycle.ViewModel
androidx.annotation.RequiresApi
androidx.core.app.NotificationCompat$BigTextStyle
androidx.core.app.ActivityCompat$PermissionCompatDelegate:
    public abstract boolean onActivityResult(android.app.Activity,int,int,android.content.Intent)
kotlin.jvm.internal.CharSpreadBuilder
androidx.core.view.inputmethod.InputContentInfoCompat$InputContentInfoCompatBaseImpl
kotlin.jvm.internal.LocalVariableReference
androidx.annotation.AnyThread
kotlin.jvm.Volatile
kotlin.time.AdjustedClockMark
androidx.core.app.NotificationCompat$DecoratedCustomViewStyle
androidx.core.widget.ImageViewCompat
androidx.viewpager.R$color
kotlin.internal.AccessibleLateinitPropertyLiteral
kotlin.jvm.internal.ShortSpreadBuilder
androidx.annotation.RestrictTo$Scope
androidx.core.widget.ContentLoadingProgressBar
androidx.core.view.ViewCompat$2
kotlin.coroutines.experimental.ContinuationInterceptor
io.flutter.plugin.common.EventChannel$IncomingStreamRequestHandler$EventSinkImplementation
androidx.core.app.NotificationCompatJellybean
io.flutter.embedding.engine.deferredcomponents.PlayStoreDeferredComponentManager$FeatureInstallStateUpdatedListener
androidx.loader.content.ModernAsyncTask$AsyncTaskResult
kotlin.collections.AbstractMap$keys$1$iterator$1
kotlin.sequences.SubSequence$iterator$1
io.flutter.embedding.android.FlutterFragment$ActivityCallThrough
kotlin.collections.RingBuffer
kotlin.jvm.internal.BooleanCompanionObject
io.flutter.embedding.engine.systemchannels.SystemChannel:
    private static final java.lang.String TAG
kotlin.jvm.internal.Ref$ObjectRef
androidx.lifecycle.Lifecycling$1:
    void <init>(androidx.lifecycle.LifecycleEventObserver)
androidx.fragment.app.FragmentViewLifecycleOwner
androidx.fragment.R$color
kotlin.sequences.SequencesKt__SequencesKt$generateSequence$2
androidx.core.content.ContextCompat$MainHandlerExecutor
androidx.fragment.app.FragmentManagerImpl$PopBackStackState
androidx.core.app.JobIntentService
androidx.lifecycle.ViewModelProvider$KeyedFactory
androidx.core.view.accessibility.AccessibilityViewCommand$SetTextArguments
androidx.fragment.app.Fragment$2:
    void <init>(androidx.fragment.app.Fragment)
androidx.fragment.app.FragmentTransaction$Op
kotlin.jvm.internal.CallableReference
androidx.core.view.ViewConfigurationCompat
kotlin.reflect.KType
kotlin.collections.ArraysKt___ArraysKt$asIterable$$inlined$Iterable$2
androidx.core.os.HandlerCompat
kotlin.UIntArrayKt
kotlin.UIntArray
androidx.annotation.DimenRes
androidx.fragment.R$layout
androidx.core.app.NotificationCompat$MessagingStyle
kotlin.coroutines.experimental.migration.ExperimentalContextMigration